<?xml version="1.0" encoding="UTF-8"?>
<testng-results total="4" passed="0" failed="0" skipped="4">
  <reporter-output>
  </reporter-output>
  <suite started-at="2019-02-15T07:08:22Z" name="Default suite" finished-at="2019-02-15T07:08:22Z" duration-ms="50">
    <groups>
    </groups>
    <test started-at="2019-02-15T07:08:22Z" name="Default test" finished-at="2019-02-15T07:08:22Z" duration-ms="50">
      <class name="Com.crm.Products.Create_Product">
        <test-method is-config="true" signature="Bt(java.lang.String)[pri:0, instance:Com.crm.Products.Create_Product@8c3b9d]" started-at="2019-02-15T12:38:22Z" name="Bt" finished-at="2019-02-15T12:38:22Z" duration-ms="0" status="FAIL">
          <exception class="org.testng.TestNGException">
            <message>
              <![CDATA[
Parameter 'browser' is required by @Configuration on method Bt but has not been marked @Optional or defined
in C:\Users\sriharsha\AppData\Local\Temp\testng-eclipse-1603149953\testng-customsuite.xml]]>
            </message>
            <full-stacktrace>
              <![CDATA[org.testng.TestNGException: 
Parameter 'browser' is required by @Configuration on method Bt but has not been marked @Optional or defined
in C:\Users\sriharsha\AppData\Local\Temp\testng-eclipse-1603149953\testng-customsuite.xml
	at org.testng.internal.Parameters.createParameters(Parameters.java:154)
	at org.testng.internal.Parameters.createParameters(Parameters.java:361)
	at org.testng.internal.Parameters.createConfigurationParameters(Parameters.java:84)
	at org.testng.internal.Invoker.invokeConfigurations(Invoker.java:197)
	at org.testng.internal.Invoker.invokeConfigurations(Invoker.java:138)
	at org.testng.TestRunner.beforeRun(TestRunner.java:648)
	at org.testng.TestRunner.run(TestRunner.java:616)
	at org.testng.SuiteRunner.runTest(SuiteRunner.java:359)
	at org.testng.SuiteRunner.runSequentially(SuiteRunner.java:354)
	at org.testng.SuiteRunner.privateRun(SuiteRunner.java:312)
	at org.testng.SuiteRunner.run(SuiteRunner.java:261)
	at org.testng.SuiteRunnerWorker.runSuite(SuiteRunnerWorker.java:52)
	at org.testng.SuiteRunnerWorker.run(SuiteRunnerWorker.java:86)
	at org.testng.TestNG.runSuitesSequentially(TestNG.java:1215)
	at org.testng.TestNG.runSuitesLocally(TestNG.java:1140)
	at org.testng.TestNG.run(TestNG.java:1048)
	at org.testng.remote.AbstractRemoteTestNG.run(AbstractRemoteTestNG.java:114)
	at org.testng.remote.RemoteTestNG.initAndRun(RemoteTestNG.java:251)
	at org.testng.remote.RemoteTestNG.main(RemoteTestNG.java:77)
]]>
            </full-stacktrace>
          </exception> <!-- org.testng.TestNGException -->
          <reporter-output>
          </reporter-output>
        </test-method> <!-- Bt -->
        <test-method signature="DeleteProductTest()[pri:0, instance:Com.crm.Products.Create_Product@8c3b9d]" started-at="2019-02-15T12:38:22Z" name="DeleteProductTest" finished-at="2019-02-15T12:38:22Z" duration-ms="0" status="SKIP">
          <reporter-output>
          </reporter-output>
        </test-method> <!-- DeleteProductTest -->
        <test-method signature="ModifyProductTest()[pri:0, instance:Com.crm.Products.Create_Product@8c3b9d]" started-at="2019-02-15T12:38:22Z" name="ModifyProductTest" finished-at="2019-02-15T12:38:22Z" duration-ms="0" status="SKIP">
          <reporter-output>
          </reporter-output>
        </test-method> <!-- ModifyProductTest -->
        <test-method signature="NewProductTest()[pri:0, instance:Com.crm.Products.Create_Product@8c3b9d]" started-at="2019-02-15T12:38:22Z" name="NewProductTest" finished-at="2019-02-15T12:38:22Z" duration-ms="0" status="SKIP">
          <reporter-output>
          </reporter-output>
        </test-method> <!-- NewProductTest -->
        <test-method signature="createproductsTest()[pri:0, instance:Com.crm.Products.Create_Product@8c3b9d]" started-at="2019-02-15T12:38:22Z" name="createproductsTest" finished-at="2019-02-15T12:38:22Z" duration-ms="0" status="SKIP">
          <reporter-output>
          </reporter-output>
        </test-method> <!-- createproductsTest -->
      </class> <!-- Com.crm.Products.Create_Product -->
    </test> <!-- Default test -->
  </suite> <!-- Default suite -->
</testng-results>
